reset complete
length: 34
listening for key press
emu try lock
emu locked
emu unlock
main trying to lock
main locked
main unlocked
emu try lock
emu locked
emu unlock
key read count: 1
listening for key press
emu try lock
emu locked
emu unlock
main trying to lock
main locked
main unlocked
emu try lock
emu locked
emu unlock
key read count: 2
emu try lock
emu locked
emu unlock
main trying to lock
main locked
main unlocked
emu try lock
emu locked
emu unlock
key read count: 3
listening for key press
emu try lock
emu locked
emu unlock
main trying to lock
main locked
main unlocked
emu try lock
emu locked
emu unlock
key read count: 4
emu try lock
emu locked
emu unlock
main trying to lock
main locked
main unlocked
emu try lock
emu locked
emu unlock
key read count: 5
listening for key press
emu try lock
emu locked
emu unlock
main trying to lock
main locked
main unlocked
emu try lock
emu locked
emu unlock
key read count: 6
emu try lock
emu locked
emu unlock
main trying to lock
main locked
main unlocked
emu try lock
emu locked
emu unlock
key read count: 7
listening for key press
emu try lock
emu locked
emu unlock
main trying to lock
main locked
main unlocked
emu try lock
emu locked
emu unlock
key read count: 8
emu try lock
emu locked
emu unlock
main trying to lock
main locked
main unlocked
emu try lock
emu locked
emu unlock
key read count: 9
listening for key press
emu try lock
emu locked
emu unlock
main trying to lock
main locked
main unlocked
emu try lock
emu locked
emu unlock
key read count: 10
emu try lock
emu locked
emu unlock
main trying to lock
main locked
main unlocked
emu try lock
emu locked
emu unlock
key read count: 11
listening for key press
emu try lock
emu locked
emu unlock
main trying to lock
main locked
main unlocked
emu try lock
emu locked
emu unlock
key read count: 12
emu try lock
emu locked
emu unlock
main trying to lock
main locked
main unlocked
emu try lock
emu locked
emu unlock
key read count: 13
listening for key press
emu try lock
emu locked
emu unlock
main trying to lock
main locked
main unlocked
emu try lock
emu locked
emu unlock
key read count: 14
emu try lock
emu locked
emu unlock
main trying to lock
main locked
main unlocked
emu try lock
emu locked
emu unlock
key read count: 15
listening for key press
emu try lock
emu locked
emu unlock
main trying to lock
main locked
main unlocked
emu try lock
emu locked
emu unlock
key read count: 16
emu try lock
emu locked
emu unlock
main trying to lock
main locked
main unlocked
emu try lock
emu locked
emu unlock
key read count: 17
listening for key press
emu try lock
emu locked
emu unlock
main trying to lock
main locked
main unlocked
emu try lock
emu locked
emu unlock
key read count: 18
emu try lock
emu locked
emu unlock
main trying to lock
main locked
main unlocked
emu try lock
emu locked
emu unlock
key read count: 19
listening for key press
emu try lock
emu locked
emu unlock
main trying to lock
main locked
main unlocked
emu try lock
emu locked
emu unlock
key read count: 20
emu try lock
emu locked
emu unlock
main trying to lock
main locked
main unlocked
emu try lock
emu locked
emu unlock
key read count: 21
listening for key press
emu try lock
emu locked
emu unlock
main trying to lock
main locked
main unlocked
emu try lock
emu locked
emu unlock
key read count: 22
emu try lock
emu locked
emu unlock
main trying to lock
main locked
main unlocked
emu try lock
emu locked
emu unlock
key read count: 23
listening for key press
emu try lock
emu locked
emu unlock
main trying to lock
main locked
main unlocked
emu try lock
emu locked
emu unlock
key read count: 24
emu try lock
emu locked
emu unlock
main trying to lock
main locked
main unlocked
emu try lock
emu locked
emu unlock
key read count: 25
listening for key press
emu try lock
emu locked
emu unlock
main trying to lock
main locked
main unlocked
emu try lock
emu locked
emu unlock
key read count: 26
emu try lock
emu locked
emu unlock
main trying to lock
main locked
main unlocked
emu try lock
emu locked
emu unlock
key read count: 27
listening for key press
emu try lock
emu locked
emu unlock
main trying to lock
main locked
main unlocked
emu try lock
emu locked
emu unlock
key read count: 28
emu try lock
emu locked
emu unlock
main trying to lock
main locked
main unlocked
emu try lock
emu locked
emu unlock
key read count: 29
listening for key press
emu try lock
emu locked
emu unlock
main trying to lock
main locked
main unlocked
emu try lock
emu locked
emu unlock
key read count: 30
emu try lock
emu locked
emu unlock
main trying to lock
main locked
main unlocked
emu try lock
emu locked
emu unlock
key read count: 31
listening for key press
emu try lock
emu locked
emu unlock
main trying to lock
main locked
main unlocked
emu try lock
emu locked
emu unlock
key read count: 32
emu try lock
emu locked
emu unlock
main trying to lock
main locked
main unlocked
emu try lock
emu locked
emu unlock
key read count: 33
listening for key press
emu try lock
emu locked
emu unlock
main trying to lock
main locked
main unlocked
emu try lock
emu locked
emu unlock
key read count: 34
emu try lock
emu locked
emu unlock
main trying to lock
main locked
main unlocked
emu try lock
emu locked
emu unlock
key read count: 35
listening for key press
emu try lock
emu locked
emu unlock
main trying to lock
main locked
main unlocked
emu try lock
emu locked
emu unlock
key read count: 36
emu try lock
emu locked
emu unlock
main trying to lock
main locked
main unlocked
emu try lock
emu locked
emu unlock
key read count: 37
listening for key press
emu try lock
emu locked
emu unlock
main trying to lock
main locked
main unlocked
emu try lock
emu locked
emu unlock
key read count: 38
emu try lock
emu locked
emu unlock
main trying to lock
main locked
main unlocked
emu try lock
emu locked
emu unlock
key read count: 39
listening for key press
emu try lock
main trying to lock
